Welcome Rick, what are your Jerry's needs today ?
1 : Take this Jerry away from me
2 : I think I remember something about my Jerry
3 : Oh wait. That can't be right
4 : I guess I will take back my Jerry now
5 : I can't find my Jerry. Just give me a similar one
6 : I lost a bet. Give me your saddest Jerry
7 : Show me what you got
8 : Let the Jerries play
9 : I had enough. Close this place
Rick this option is not known to the daycare !
Welcome Rick, what are your Jerry's needs today ?
1 : Take this Jerry away from me
2 : I think I remember something about my Jerry
3 : Oh wait. That can't be right
4 : I guess I will take back my Jerry now
5 : I can't find my Jerry. Just give me a similar one
6 : I lost a bet. Give me your saddest Jerry
7 : Show me what you got
8 : Let the Jerries play
9 : I had enough. Close this place
What information do you want to know ?
1 : All Jerries
2 : All Jerries by physical characteristics
3 : All known planets
Jerry , ID - 23dF21 :
Happiness level : 50
Origin : C-137
Planet : Earth (123.10,8392.00,99.20)
Jerry's physical Characteristics available :
	Height : 166.20 , LimbsNumber : 4.00 , Weight : 80.00
Jerry , ID - 1q456 :
Happiness level : 10
Origin : C-455
Planet : Earth (123.10,8392.00,99.20)
Jerry , ID - S5d2 :
Happiness level : 99
Origin : V-234
Planet : Gaia (983.22,8521.00,2312.00)
Jerry's physical Characteristics available :
	Age : 50.00
Jerry , ID - 6e45 :
Happiness level : 34
Origin : B-344
Planet : Pluto (3454.21,124.11,985.45)
Jerry's physical Characteristics available :
	LimbsNumber : 2.00
Welcome Rick, what are your Jerry's needs today ?
1 : Take this Jerry away from me
2 : I think I remember something about my Jerry
3 : Oh wait. That can't be right
4 : I guess I will take back my Jerry now
5 : I can't find my Jerry. Just give me a similar one
6 : I lost a bet. Give me your saddest Jerry
7 : Show me what you got
8 : Let the Jerries play
9 : I had enough. Close this place
What information do you want to know ?
1 : All Jerries
2 : All Jerries by physical characteristics
3 : All known planets
What physical characteristics ?
LimbsNumber :
Jerry , ID - 23dF21 :
Happiness level : 50
Origin : C-137
Planet : Earth (123.10,8392.00,99.20)
Jerry's physical Characteristics available :
	Height : 166.20 , LimbsNumber : 4.00 , Weight : 80.00
Jerry , ID - 6e45 :
Happiness level : 34
Origin : B-344
Planet : Pluto (3454.21,124.11,985.45)
Jerry's physical Characteristics available :
	LimbsNumber : 2.00
Welcome Rick, what are your Jerry's needs today ?
1 : Take this Jerry away from me
2 : I think I remember something about my Jerry
3 : Oh wait. That can't be right
4 : I guess I will take back my Jerry now
5 : I can't find my Jerry. Just give me a similar one
6 : I lost a bet. Give me your saddest Jerry
7 : Show me what you got
8 : Let the Jerries play
9 : I had enough. Close this place
What information do you want to know ?
1 : All Jerries
2 : All Jerries by physical characteristics
3 : All known planets
Planet : Earth (123.10,8392.00,99.20)
Planet : Gaia (983.22,8521.00,2312.00)
Planet : Gazorpazorp (85.10,555.50,312.00)
Planet : Pluto (3454.21,124.11,985.45)
Welcome Rick, what are your Jerry's needs today ?
1 : Take this Jerry away from me
2 : I think I remember something about my Jerry
3 : Oh wait. That can't be right
4 : I guess I will take back my Jerry now
5 : I can't find my Jerry. Just give me a similar one
6 : I lost a bet. Give me your saddest Jerry
7 : Show me what you got
8 : Let the Jerries play
9 : I had enough. Close this place
The daycare is now clean and close !
